-------------------------------------------------------------------------------
Test set: arquillian.AccountApiTestWithouthRestAssured
-------------------------------------------------------------------------------
Tests run: 2, Failures: 0, Errors: 2, Skipped: 0, Time elapsed: 0.257 sec <<< FAILURE! - in arquillian.AccountApiTestWithouthRestAssured
arquillian.AccountApiTestWithouthRestAssured  Time elapsed: 0.256 sec  <<< ERROR!
java.lang.IllegalArgumentException: No methods annotated with org.jboss.arquillian.api.Deployment found

arquillian.AccountApiTestWithouthRestAssured  Time elapsed: 0.257 sec  <<< ERROR!
java.lang.NullPointerException

